Using pre-set license

 COMMAND LINE ARGUMENTS:
/Applications/Unity/Unity.app/Contents/MacOS/Unity
-adb2
-batchMode
-noUpm
-name
AssetImportWorker0
-projectPath
/Users/noah/Unity Games/business-racer/Business Racer
-logFile
Logs/AssetImportWorker0.log
-srvPort
62956
Successfully changed project path to: /Users/noah/Unity Games/business-racer/Business Racer
/Users/noah/Unity Games/business-racer/Business Racer
Using Asset Import Pipeline V2.
Refreshing native plugins compatible for Editor in 27.58 ms, found 1 plugins.
Preloading 0 native plugins for Editor in 0.00 ms.
Initialize engine version: 2020.3.5f1 (8095aa901b9b)
[Subsystems] Discovering subsystems at path /Applications/Unity/Unity.app/Contents/Resources/UnitySubsystems
[Subsystems] Discovering subsystems at path /Users/noah/Unity Games/business-racer/Business Racer/Assets
GfxDevice: creating device client; threaded=0
2021-05-19 21:42:19.751 Unity[17715:3798985] Color LCD preferred device: AMD Radeon R9 M370X (high power)
2021-05-19 21:42:19.751 Unity[17715:3798985] Metal devices available: 2
2021-05-19 21:42:19.751 Unity[17715:3798985] 0: AMD Radeon R9 M370X (high power)
2021-05-19 21:42:19.751 Unity[17715:3798985] 1: Intel Iris Pro Graphics (low power)
2021-05-19 21:42:19.752 Unity[17715:3798985] Using device AMD Radeon R9 M370X (high power)
Initializing Metal device caps: AMD Radeon R9 M370X
Initialize mono
Mono path[0] = '/Applications/Unity/Unity.app/Contents/Managed'
Mono path[1] = '/Applications/Unity/Unity.app/Contents/MonoBleedingEdge/lib/mono/unityjit'
Mono config path = '/Applications/Unity/Unity.app/Contents/MonoBleedingEdge/etc'
Using monoOptions --debugger-agent=transport=dt_socket,embedding=1,server=y,suspend=n,address=127.0.0.1:56715
Begin MonoManager ReloadAssembly
Registering precompiled unity dll's ...
Register platform support module: /Applications/Unity/Unity.app/Contents/PlaybackEngines/MacStandaloneSupport/UnityEditor.OSXStandalone.Extensions.dll
Registered in 0.000514 seconds.
Native extension for OSXStandalone target not found
Refreshing native plugins compatible for Editor in 27.41 ms, found 1 plugins.
Preloading 0 native plugins for Editor in 0.00 ms.
Mono: successfully reloaded assembly
- Completed reload, in  2.106 seconds
Platform modules already initialized, skipping
Registering precompiled user dll's ...
Registered in 0.000304 seconds.
Begin MonoManager ReloadAssembly
Native extension for OSXStandalone target not found
Refreshing native plugins compatible for Editor in 0.28 ms, found 1 plugins.
Preloading 0 native plugins for Editor in 0.00 ms.
Mono: successfully reloaded assembly
- Completed reload, in  1.128 seconds
Platform modules already initialized, skipping
========================================================================
Worker process is ready to serve import requests
Launching external process: /Applications/Unity/Unity.app/Contents/Tools/UnityShaderCompiler
Launched and connected shader compiler UnityShaderCompiler after 0.02 seconds
Refreshing native plugins compatible for Editor in 0.23 ms, found 1 plugins.
Preloading 0 native plugins for Editor in 0.00 ms.
Unloading 1117 Unused Serialized files (Serialized files now loaded: 0)
System memory in use before: 107.0 MB.
System memory in use after: 107.1 MB.

Unloading 10 unused Assets to reduce memory usage. Loaded Objects now: 1559.
Total: 3.063315 ms (FindLiveObjects: 0.378709 ms CreateObjectMapping: 0.136572 ms MarkObjects: 2.441036 ms  DeleteObjects: 0.104883 ms)

========================================================================
Received Import Request.
  path: Assets/Scripts/NewBehaviourScript.cs
  artifactKey: Guid(9c233572b084742c3ae2d40b465c7607) Importer(815301076,1909f56bfc062723c751e8b465ee728b)
Start importing Assets/Scripts/NewBehaviourScript.cs using Guid(9c233572b084742c3ae2d40b465c7607) Importer(815301076,1909f56bfc062723c751e8b465ee728b)  -> (artifact id: '96101d26a1c4fd01ca02f5bc86e51734') in 0.305888 seconds
  Import took 0.308359 seconds .

========================================================================
Received Import Request.
  Time since last request: 895.480970 seconds.
  path: Assets/Scripts/Vehicle.cs
  artifactKey: Guid(9c233572b084742c3ae2d40b465c7607) Importer(815301076,1909f56bfc062723c751e8b465ee728b)
Start importing Assets/Scripts/Vehicle.cs using Guid(9c233572b084742c3ae2d40b465c7607) Importer(815301076,1909f56bfc062723c751e8b465ee728b)  -> (artifact id: '6ca2809f901c450f23a2003bdaf58614') in 0.005771 seconds
  Import took 0.008043 seconds .

========================================================================
Received Prepare
Registering precompiled user dll's ...
Registered in 0.000397 seconds.
Begin MonoManager ReloadAssembly
Native extension for OSXStandalone target not found
Refreshing native plugins compatible for Editor in 0.22 ms, found 1 plugins.
Preloading 0 native plugins for Editor in 0.00 ms.
Mono: successfully reloaded assembly
- Completed reload, in  1.034 seconds
Platform modules already initialized, skipping
Refreshing native plugins compatible for Editor in 0.22 ms, found 1 plugins.
Preloading 0 native plugins for Editor in 0.00 ms.
Unloading 1112 Unused Serialized files (Serialized files now loaded: 0)
System memory in use before: 111.5 MB.
System memory in use after: 111.6 MB.

Unloading 5 unused Assets to reduce memory usage. Loaded Objects now: 1562.
Total: 1.888542 ms (FindLiveObjects: 0.159075 ms CreateObjectMapping: 0.041102 ms MarkObjects: 1.623666 ms  DeleteObjects: 0.063697 ms)

========================================================================
Received Prepare
Registering precompiled user dll's ...
Registered in 0.000322 seconds.
Begin MonoManager ReloadAssembly
Native extension for OSXStandalone target not found
Refreshing native plugins compatible for Editor in 0.22 ms, found 1 plugins.
Preloading 0 native plugins for Editor in 0.00 ms.
Mono: successfully reloaded assembly
- Completed reload, in  1.025 seconds
Platform modules already initialized, skipping
Refreshing native plugins compatible for Editor in 0.22 ms, found 1 plugins.
Preloading 0 native plugins for Editor in 0.00 ms.
Unloading 1112 Unused Serialized files (Serialized files now loaded: 0)
System memory in use before: 111.7 MB.
System memory in use after: 111.8 MB.

Unloading 5 unused Assets to reduce memory usage. Loaded Objects now: 1565.
Total: 2.023525 ms (FindLiveObjects: 0.198410 ms CreateObjectMapping: 0.043206 ms MarkObjects: 1.725821 ms  DeleteObjects: 0.055084 ms)

========================================================================
Received Prepare
Registering precompiled user dll's ...
Registered in 0.000300 seconds.
Begin MonoManager ReloadAssembly
Native extension for OSXStandalone target not found
Refreshing native plugins compatible for Editor in 0.26 ms, found 1 plugins.
Preloading 0 native plugins for Editor in 0.00 ms.
Mono: successfully reloaded assembly
- Completed reload, in  1.033 seconds
Platform modules already initialized, skipping
Refreshing native plugins compatible for Editor in 0.23 ms, found 1 plugins.
Preloading 0 native plugins for Editor in 0.00 ms.
Unloading 1112 Unused Serialized files (Serialized files now loaded: 0)
System memory in use before: 111.9 MB.
System memory in use after: 112.0 MB.

Unloading 5 unused Assets to reduce memory usage. Loaded Objects now: 1568.
Total: 1.996914 ms (FindLiveObjects: 0.275991 ms CreateObjectMapping: 0.058017 ms MarkObjects: 1.589919 ms  DeleteObjects: 0.071548 ms)

========================================================================
Received Import Request.
  Time since last request: 329.541441 seconds.
  path: Assets/Scripts/Vehicle.cs
  artifactKey: Guid(9c233572b084742c3ae2d40b465c7607) Importer(815301076,1909f56bfc062723c751e8b465ee728b)
Start importing Assets/Scripts/Vehicle.cs using Guid(9c233572b084742c3ae2d40b465c7607) Importer(815301076,1909f56bfc062723c751e8b465ee728b)  -> (artifact id: '1970acb56ff26832dd3ac4465c9eaebe') in 0.007422 seconds
  Import took 0.009606 seconds .

========================================================================
Received Import Request.
  Time since last request: 0.028647 seconds.
  path: Assets/Scripts/Vehicle.cs
  artifactKey: Guid(9c233572b084742c3ae2d40b465c7607) Importer(815301076,1909f56bfc062723c751e8b465ee728b)
Start importing Assets/Scripts/Vehicle.cs using Guid(9c233572b084742c3ae2d40b465c7607) Importer(815301076,1909f56bfc062723c751e8b465ee728b)  -> (artifact id: '1970acb56ff26832dd3ac4465c9eaebe') in 0.004806 seconds
  Import took 0.007023 seconds .

========================================================================
Received Prepare
Registering precompiled user dll's ...
Registered in 0.000421 seconds.
Begin MonoManager ReloadAssembly
Native extension for OSXStandalone target not found
Refreshing native plugins compatible for Editor in 0.24 ms, found 1 plugins.
Preloading 0 native plugins for Editor in 0.00 ms.
Mono: successfully reloaded assembly
- Completed reload, in  1.051 seconds
Platform modules already initialized, skipping
Refreshing native plugins compatible for Editor in 0.25 ms, found 1 plugins.
Preloading 0 native plugins for Editor in 0.00 ms.
Unloading 1112 Unused Serialized files (Serialized files now loaded: 0)
System memory in use before: 112.1 MB.
System memory in use after: 112.2 MB.

Unloading 5 unused Assets to reduce memory usage. Loaded Objects now: 1571.
Total: 1.917775 ms (FindLiveObjects: 0.170790 ms CreateObjectMapping: 0.039489 ms MarkObjects: 1.650758 ms  DeleteObjects: 0.055515 ms)

========================================================================
Received Import Request.
  Time since last request: 24.987573 seconds.
  path: Assets/Scripts/Vehicle.cs
  artifactKey: Guid(9c233572b084742c3ae2d40b465c7607) Importer(815301076,1909f56bfc062723c751e8b465ee728b)
Start importing Assets/Scripts/Vehicle.cs using Guid(9c233572b084742c3ae2d40b465c7607) Importer(815301076,1909f56bfc062723c751e8b465ee728b)  -> (artifact id: '52ab3eadede9a8565dd6789988812c57') in 0.006377 seconds
  Import took 0.008374 seconds .

========================================================================
Received Import Request.
  Time since last request: 0.030166 seconds.
  path: Assets/Scripts/Vehicle.cs
  artifactKey: Guid(9c233572b084742c3ae2d40b465c7607) Importer(815301076,1909f56bfc062723c751e8b465ee728b)
Start importing Assets/Scripts/Vehicle.cs using Guid(9c233572b084742c3ae2d40b465c7607) Importer(815301076,1909f56bfc062723c751e8b465ee728b)  -> (artifact id: '52ab3eadede9a8565dd6789988812c57') in 0.004340 seconds
  Import took 0.006651 seconds .

========================================================================
Received Prepare
Registering precompiled user dll's ...
Registered in 0.000299 seconds.
Begin MonoManager ReloadAssembly
Native extension for OSXStandalone target not found
Refreshing native plugins compatible for Editor in 0.24 ms, found 1 plugins.
Preloading 0 native plugins for Editor in 0.00 ms.
Mono: successfully reloaded assembly
- Completed reload, in  0.991 seconds
Platform modules already initialized, skipping
Refreshing native plugins compatible for Editor in 0.22 ms, found 1 plugins.
Preloading 0 native plugins for Editor in 0.00 ms.
Unloading 1111 Unused Serialized files (Serialized files now loaded: 0)
System memory in use before: 112.3 MB.
System memory in use after: 112.3 MB.

Unloading 6 unused Assets to reduce memory usage. Loaded Objects now: 1573.
Total: 2.103475 ms (FindLiveObjects: 0.253896 ms CreateObjectMapping: 0.043322 ms MarkObjects: 1.724184 ms  DeleteObjects: 0.080515 ms)

========================================================================
Received Import Request.
  Time since last request: 354.495338 seconds.
  path: Assets
  artifactKey: Guid(00000000000000001000000000000000) Importer(815301076,1909f56bfc062723c751e8b465ee728b)
Start importing Assets using Guid(00000000000000001000000000000000) Importer(815301076,1909f56bfc062723c751e8b465ee728b)  -> (artifact id: 'e4856052512617ee48189cf1d7999900') in 0.003634 seconds
  Import took 0.005965 seconds .

========================================================================
Received Import Request.
  Time since last request: 6.828274 seconds.
  path: Assets/Prefabs
  artifactKey: Guid(0f8df02f9262b420b9616223f52519fd) Importer(815301076,1909f56bfc062723c751e8b465ee728b)
Start importing Assets/Prefabs using Guid(0f8df02f9262b420b9616223f52519fd) Importer(815301076,1909f56bfc062723c751e8b465ee728b)  -> (artifact id: '37d1cb21ffc55102636a0aa5d3ed8fff') in 0.003069 seconds
  Import took 0.006054 seconds .

========================================================================
Received Import Request.
  Time since last request: 5.826059 seconds.
  path: Assets/Prefabs/Vehicle.prefab
  artifactKey: Guid(47ec941ec1deb4b95b33a201dbc6ba7c) Importer(815301076,1909f56bfc062723c751e8b465ee728b)
Start importing Assets/Prefabs/Vehicle.prefab using Guid(47ec941ec1deb4b95b33a201dbc6ba7c) Importer(815301076,1909f56bfc062723c751e8b465ee728b)  -> (artifact id: '57f3ffb1ee93682d0daf663bf73d3b97') in 0.524165 seconds
  Import took 0.526792 seconds .

========================================================================
Received Import Request.
  Time since last request: 53.530426 seconds.
  path: Assets/Scripts/VehicleEntity.cs
  artifactKey: Guid(ac6df50f17992432ea1384e87e8b2570) Importer(815301076,1909f56bfc062723c751e8b465ee728b)
Start importing Assets/Scripts/VehicleEntity.cs using Guid(ac6df50f17992432ea1384e87e8b2570) Importer(815301076,1909f56bfc062723c751e8b465ee728b)  -> (artifact id: '42bfb2ce85993e7c521066abc2fbc1df') in 0.002623 seconds
  Import took 0.004770 seconds .

========================================================================
Received Prepare
Registering precompiled user dll's ...
Registered in 0.000329 seconds.
Begin MonoManager ReloadAssembly
Native extension for OSXStandalone target not found
Refreshing native plugins compatible for Editor in 0.26 ms, found 1 plugins.
Preloading 0 native plugins for Editor in 0.00 ms.
Mono: successfully reloaded assembly
- Completed reload, in  1.087 seconds
Platform modules already initialized, skipping
Refreshing native plugins compatible for Editor in 0.28 ms, found 1 plugins.
Preloading 0 native plugins for Editor in 0.00 ms.
Unloading 1112 Unused Serialized files (Serialized files now loaded: 0)
System memory in use before: 120.1 MB.
System memory in use after: 120.2 MB.

Unloading 6 unused Assets to reduce memory usage. Loaded Objects now: 1585.
Total: 1.890199 ms (FindLiveObjects: 0.171020 ms CreateObjectMapping: 0.040137 ms MarkObjects: 1.621039 ms  DeleteObjects: 0.056929 ms)

========================================================================
Received Prepare
Registering precompiled user dll's ...
Registered in 0.000426 seconds.
Begin MonoManager ReloadAssembly
Native extension for OSXStandalone target not found
Refreshing native plugins compatible for Editor in 0.31 ms, found 1 plugins.
Preloading 0 native plugins for Editor in 0.00 ms.
Mono: successfully reloaded assembly
- Completed reload, in  1.001 seconds
Platform modules already initialized, skipping
Refreshing native plugins compatible for Editor in 0.24 ms, found 1 plugins.
Preloading 0 native plugins for Editor in 0.00 ms.
Unloading 1112 Unused Serialized files (Serialized files now loaded: 0)
System memory in use before: 120.2 MB.
System memory in use after: 120.3 MB.

Unloading 5 unused Assets to reduce memory usage. Loaded Objects now: 1588.
Total: 1.736290 ms (FindLiveObjects: 0.152583 ms CreateObjectMapping: 0.037205 ms MarkObjects: 1.491433 ms  DeleteObjects: 0.053935 ms)

========================================================================
Received Prepare
Registering precompiled user dll's ...
Registered in 0.000377 seconds.
Begin MonoManager ReloadAssembly
Native extension for OSXStandalone target not found
Refreshing native plugins compatible for Editor in 0.25 ms, found 1 plugins.
Preloading 0 native plugins for Editor in 0.00 ms.
Mono: successfully reloaded assembly
- Completed reload, in  1.001 seconds
Platform modules already initialized, skipping
Refreshing native plugins compatible for Editor in 0.22 ms, found 1 plugins.
Preloading 0 native plugins for Editor in 0.00 ms.
Unloading 1112 Unused Serialized files (Serialized files now loaded: 0)
System memory in use before: 120.4 MB.
System memory in use after: 120.5 MB.

Unloading 5 unused Assets to reduce memory usage. Loaded Objects now: 1591.
Total: 2.099419 ms (FindLiveObjects: 0.220432 ms CreateObjectMapping: 0.044560 ms MarkObjects: 1.772798 ms  DeleteObjects: 0.059907 ms)

========================================================================
Received Import Request.
  Time since last request: 1220.956726 seconds.
  path: Assets/Scripts/VehicleEntity.cs
  artifactKey: Guid(ac6df50f17992432ea1384e87e8b2570) Importer(815301076,1909f56bfc062723c751e8b465ee728b)
Start importing Assets/Scripts/VehicleEntity.cs using Guid(ac6df50f17992432ea1384e87e8b2570) Importer(815301076,1909f56bfc062723c751e8b465ee728b)  -> (artifact id: '8a7a7d0192ae364c9a5b0a4a5209fcd5') in 0.005606 seconds
  Import took 0.007795 seconds .

========================================================================
Received Import Request.
  Time since last request: 110.032649 seconds.
  path: Assets/Scripts/PlayerVehicleEnity.cs
  artifactKey: Guid(8809f435b90d44bb08d930dab3a24833) Importer(815301076,1909f56bfc062723c751e8b465ee728b)
Start importing Assets/Scripts/PlayerVehicleEnity.cs using Guid(8809f435b90d44bb08d930dab3a24833) Importer(815301076,1909f56bfc062723c751e8b465ee728b)  -> (artifact id: 'ac1c35b0fe31fcb8e15320537a76f77e') in 0.004562 seconds
  Import took 0.007133 seconds .

========================================================================
Received Prepare
Registering precompiled user dll's ...
Registered in 0.000402 seconds.
Begin MonoManager ReloadAssembly
Native extension for OSXStandalone target not found
Refreshing native plugins compatible for Editor in 0.23 ms, found 1 plugins.
Preloading 0 native plugins for Editor in 0.00 ms.
Mono: successfully reloaded assembly
- Completed reload, in  1.037 seconds
Platform modules already initialized, skipping
Refreshing native plugins compatible for Editor in 0.22 ms, found 1 plugins.
Preloading 0 native plugins for Editor in 0.00 ms.
Unloading 1113 Unused Serialized files (Serialized files now loaded: 0)
System memory in use before: 120.6 MB.
System memory in use after: 120.7 MB.

Unloading 5 unused Assets to reduce memory usage. Loaded Objects now: 1595.
Total: 2.121368 ms (FindLiveObjects: 0.215577 ms CreateObjectMapping: 0.045971 ms MarkObjects: 1.778003 ms  DeleteObjects: 0.063983 ms)

========================================================================
Received Prepare
Registering precompiled user dll's ...
Registered in 0.000312 seconds.
Begin MonoManager ReloadAssembly
Native extension for OSXStandalone target not found
Refreshing native plugins compatible for Editor in 0.27 ms, found 1 plugins.
Preloading 0 native plugins for Editor in 0.00 ms.
Mono: successfully reloaded assembly
- Completed reload, in  1.114 seconds
Platform modules already initialized, skipping
Refreshing native plugins compatible for Editor in 0.23 ms, found 1 plugins.
Preloading 0 native plugins for Editor in 0.00 ms.
Unloading 1113 Unused Serialized files (Serialized files now loaded: 0)
System memory in use before: 120.8 MB.
System memory in use after: 120.8 MB.

Unloading 5 unused Assets to reduce memory usage. Loaded Objects now: 1598.
Total: 2.470102 ms (FindLiveObjects: 0.277001 ms CreateObjectMapping: 0.067616 ms MarkObjects: 2.012159 ms  DeleteObjects: 0.111694 ms)

========================================================================
Received Import Request.
  Time since last request: 23.125972 seconds.
  path: Assets/Scripts/PlayerVehicleEnity.cs
  artifactKey: Guid(8809f435b90d44bb08d930dab3a24833) Importer(815301076,1909f56bfc062723c751e8b465ee728b)
Start importing Assets/Scripts/PlayerVehicleEnity.cs using Guid(8809f435b90d44bb08d930dab3a24833) Importer(815301076,1909f56bfc062723c751e8b465ee728b)  -> (artifact id: '4c23f251abc8fc699fa04c13bcabe55a') in 0.005942 seconds
  Import took 0.008436 seconds .

========================================================================
Received Prepare
Registering precompiled user dll's ...
Registered in 0.000366 seconds.
Begin MonoManager ReloadAssembly
Native extension for OSXStandalone target not found
Refreshing native plugins compatible for Editor in 0.25 ms, found 1 plugins.
Preloading 0 native plugins for Editor in 0.00 ms.
Mono: successfully reloaded assembly
- Completed reload, in  1.053 seconds
Platform modules already initialized, skipping
Refreshing native plugins compatible for Editor in 0.22 ms, found 1 plugins.
Preloading 0 native plugins for Editor in 0.00 ms.
Unloading 1113 Unused Serialized files (Serialized files now loaded: 0)
System memory in use before: 120.9 MB.
System memory in use after: 121.0 MB.

Unloading 5 unused Assets to reduce memory usage. Loaded Objects now: 1601.
Total: 2.265120 ms (FindLiveObjects: 0.229754 ms CreateObjectMapping: 0.046668 ms MarkObjects: 1.916500 ms  DeleteObjects: 0.070029 ms)

========================================================================
Received Import Request.
  Time since last request: 255.489387 seconds.
  path: Assets/Scripts/PlayerVehicleEnity.cs
  artifactKey: Guid(8809f435b90d44bb08d930dab3a24833) Importer(815301076,1909f56bfc062723c751e8b465ee728b)
Start importing Assets/Scripts/PlayerVehicleEnity.cs using Guid(8809f435b90d44bb08d930dab3a24833) Importer(815301076,1909f56bfc062723c751e8b465ee728b)  -> (artifact id: 'af1cd997bca0944f88f236d62a368ccb') in 0.005708 seconds
  Import took 0.007986 seconds .

========================================================================
Received Import Request.
  Time since last request: 12.707630 seconds.
  path: Assets/Scripts/NPCVehicleEntity.cs
  artifactKey: Guid(b03f44badf9aa4a41a1014364d5d292a) Importer(815301076,1909f56bfc062723c751e8b465ee728b)
Start importing Assets/Scripts/NPCVehicleEntity.cs using Guid(b03f44badf9aa4a41a1014364d5d292a) Importer(815301076,1909f56bfc062723c751e8b465ee728b)  -> (artifact id: '935ba3dee751025dbdf31fdbd86bfa2b') in 0.004474 seconds
  Import took 0.007606 seconds .

========================================================================
Received Prepare
Registering precompiled user dll's ...
Registered in 0.000365 seconds.
Begin MonoManager ReloadAssembly
Native extension for OSXStandalone target not found
Refreshing native plugins compatible for Editor in 0.22 ms, found 1 plugins.
Preloading 0 native plugins for Editor in 0.00 ms.
Mono: successfully reloaded assembly
- Completed reload, in  1.054 seconds
Platform modules already initialized, skipping
Refreshing native plugins compatible for Editor in 0.22 ms, found 1 plugins.
Preloading 0 native plugins for Editor in 0.00 ms.
Unloading 1114 Unused Serialized files (Serialized files now loaded: 0)
System memory in use before: 121.1 MB.
System memory in use after: 121.2 MB.

Unloading 5 unused Assets to reduce memory usage. Loaded Objects now: 1605.
Total: 1.924036 ms (FindLiveObjects: 0.219670 ms CreateObjectMapping: 0.043142 ms MarkObjects: 1.607542 ms  DeleteObjects: 0.052625 ms)

========================================================================
Received Prepare
Registering precompiled user dll's ...
Registered in 0.000301 seconds.
Begin MonoManager ReloadAssembly
Native extension for OSXStandalone target not found
Refreshing native plugins compatible for Editor in 0.36 ms, found 1 plugins.
Preloading 0 native plugins for Editor in 0.00 ms.
Mono: successfully reloaded assembly
- Completed reload, in  1.117 seconds
Platform modules already initialized, skipping
Refreshing native plugins compatible for Editor in 0.19 ms, found 1 plugins.
Preloading 0 native plugins for Editor in 0.00 ms.
Unloading 1114 Unused Serialized files (Serialized files now loaded: 0)
System memory in use before: 121.3 MB.
System memory in use after: 121.4 MB.

Unloading 5 unused Assets to reduce memory usage. Loaded Objects now: 1608.
Total: 1.671571 ms (FindLiveObjects: 0.140645 ms CreateObjectMapping: 0.036328 ms MarkObjects: 1.448758 ms  DeleteObjects: 0.044779 ms)

========================================================================
Received Import Request.
  Time since last request: 125.970068 seconds.
  path: Assets/Scripts/NPCVehicleEntity.cs
  artifactKey: Guid(b03f44badf9aa4a41a1014364d5d292a) Importer(815301076,1909f56bfc062723c751e8b465ee728b)
Start importing Assets/Scripts/NPCVehicleEntity.cs using Guid(b03f44badf9aa4a41a1014364d5d292a) Importer(815301076,1909f56bfc062723c751e8b465ee728b)  -> (artifact id: 'c7750f7a5f189ece566669dcb030ebfa') in 0.005661 seconds
  Import took 0.007701 seconds .

========================================================================
Received Prepare
Registering precompiled user dll's ...
Registered in 0.000454 seconds.
Begin MonoManager ReloadAssembly
Native extension for OSXStandalone target not found
Refreshing native plugins compatible for Editor in 0.26 ms, found 1 plugins.
Preloading 0 native plugins for Editor in 0.00 ms.
Mono: successfully reloaded assembly
- Completed reload, in  1.076 seconds
Platform modules already initialized, skipping
Refreshing native plugins compatible for Editor in 0.23 ms, found 1 plugins.
Preloading 0 native plugins for Editor in 0.00 ms.
Unloading 1114 Unused Serialized files (Serialized files now loaded: 0)
System memory in use before: 121.4 MB.
System memory in use after: 121.5 MB.

Unloading 5 unused Assets to reduce memory usage. Loaded Objects now: 1611.
Total: 2.052427 ms (FindLiveObjects: 0.191523 ms CreateObjectMapping: 0.042060 ms MarkObjects: 1.759508 ms  DeleteObjects: 0.058245 ms)

========================================================================
Received Import Request.
  Time since last request: 181.553184 seconds.
  path: Assets/Scripts/Vehicle Scripts
  artifactKey: Guid(f5c23f3d9eab94374ad797fbe0e292ba) Importer(815301076,1909f56bfc062723c751e8b465ee728b)
Start importing Assets/Scripts/Vehicle Scripts using Guid(f5c23f3d9eab94374ad797fbe0e292ba) Importer(815301076,1909f56bfc062723c751e8b465ee728b)  -> (artifact id: '1515daaac1f3c45f439c3dc0fc4010af') in 0.005751 seconds
  Import took 0.008316 seconds .

========================================================================
Received Import Request.
  Time since last request: 0.009151 seconds.
  path: Assets/Scripts/Vehicle Scripts
  artifactKey: Guid(f5c23f3d9eab94374ad797fbe0e292ba) Importer(815301076,1909f56bfc062723c751e8b465ee728b)
Start importing Assets/Scripts/Vehicle Scripts using Guid(f5c23f3d9eab94374ad797fbe0e292ba) Importer(815301076,1909f56bfc062723c751e8b465ee728b)  -> (artifact id: '1515daaac1f3c45f439c3dc0fc4010af') in 0.001133 seconds
  Import took 0.003247 seconds .

========================================================================
Received Prepare
Registering precompiled user dll's ...
Registered in 0.000407 seconds.
Begin MonoManager ReloadAssembly
Native extension for OSXStandalone target not found
Refreshing native plugins compatible for Editor in 0.23 ms, found 1 plugins.
Preloading 0 native plugins for Editor in 0.00 ms.
Mono: successfully reloaded assembly
- Completed reload, in  1.065 seconds
Platform modules already initialized, skipping
Refreshing native plugins compatible for Editor in 0.23 ms, found 1 plugins.
Preloading 0 native plugins for Editor in 0.00 ms.
Unloading 1114 Unused Serialized files (Serialized files now loaded: 0)
System memory in use before: 121.6 MB.
System memory in use after: 121.7 MB.

Unloading 5 unused Assets to reduce memory usage. Loaded Objects now: 1614.
Total: 2.090463 ms (FindLiveObjects: 0.213662 ms CreateObjectMapping: 0.039738 ms MarkObjects: 1.777449 ms  DeleteObjects: 0.058392 ms)

========================================================================
Received Prepare
Registering precompiled user dll's ...
Registered in 0.000382 seconds.
Begin MonoManager ReloadAssembly
Native extension for OSXStandalone target not found
Refreshing native plugins compatible for Editor in 0.23 ms, found 1 plugins.
Preloading 0 native plugins for Editor in 0.00 ms.
Mono: successfully reloaded assembly
- Completed reload, in  1.058 seconds
Platform modules already initialized, skipping
Refreshing native plugins compatible for Editor in 0.22 ms, found 1 plugins.
Preloading 0 native plugins for Editor in 0.00 ms.
Unloading 1114 Unused Serialized files (Serialized files now loaded: 0)
System memory in use before: 121.8 MB.
System memory in use after: 121.9 MB.

Unloading 5 unused Assets to reduce memory usage. Loaded Objects now: 1617.
Total: 2.068752 ms (FindLiveObjects: 0.190647 ms CreateObjectMapping: 0.053115 ms MarkObjects: 1.759900 ms  DeleteObjects: 0.064000 ms)

========================================================================
Received Prepare
Registering precompiled user dll's ...
Registered in 0.000472 seconds.
Begin MonoManager ReloadAssembly
Native extension for OSXStandalone target not found
Refreshing native plugins compatible for Editor in 0.22 ms, found 1 plugins.
Preloading 0 native plugins for Editor in 0.00 ms.
Mono: successfully reloaded assembly
- Completed reload, in  1.089 seconds
Platform modules already initialized, skipping
Refreshing native plugins compatible for Editor in 0.23 ms, found 1 plugins.
Preloading 0 native plugins for Editor in 0.00 ms.
Unloading 1114 Unused Serialized files (Serialized files now loaded: 0)
System memory in use before: 122.0 MB.
System memory in use after: 122.0 MB.

Unloading 5 unused Assets to reduce memory usage. Loaded Objects now: 1620.
Total: 2.065079 ms (FindLiveObjects: 0.172335 ms CreateObjectMapping: 0.044802 ms MarkObjects: 1.783592 ms  DeleteObjects: 0.062614 ms)

========================================================================
Received Prepare
Registering precompiled user dll's ...
Registered in 0.000360 seconds.
Begin MonoManager ReloadAssembly
Native extension for OSXStandalone target not found
Refreshing native plugins compatible for Editor in 0.22 ms, found 1 plugins.
Preloading 0 native plugins for Editor in 0.00 ms.
Mono: successfully reloaded assembly
- Completed reload, in  1.009 seconds
Platform modules already initialized, skipping
Refreshing native plugins compatible for Editor in 0.24 ms, found 1 plugins.
Preloading 0 native plugins for Editor in 0.00 ms.
Unloading 1114 Unused Serialized files (Serialized files now loaded: 0)
System memory in use before: 122.1 MB.
System memory in use after: 122.2 MB.

Unloading 5 unused Assets to reduce memory usage. Loaded Objects now: 1623.
Total: 2.391144 ms (FindLiveObjects: 0.352218 ms CreateObjectMapping: 0.083941 ms MarkObjects: 1.892208 ms  DeleteObjects: 0.061375 ms)

