Using pre-set license

 COMMAND LINE ARGUMENTS:
/Applications/Unity/Unity.app/Contents/MacOS/Unity
-adb2
-batchMode
-noUpm
-name
AssetImportWorker0
-projectPath
/Users/noah/Unity Games/business-racer/Business Racer
-logFile
Logs/AssetImportWorker0.log
-srvPort
54362
Successfully changed project path to: /Users/noah/Unity Games/business-racer/Business Racer
/Users/noah/Unity Games/business-racer/Business Racer
Using Asset Import Pipeline V2.
Refreshing native plugins compatible for Editor in 53.41 ms, found 1 plugins.
Preloading 0 native plugins for Editor in 0.00 ms.
Initialize engine version: 2020.3.5f1 (8095aa901b9b)
[Subsystems] Discovering subsystems at path /Applications/Unity/Unity.app/Contents/Resources/UnitySubsystems
[Subsystems] Discovering subsystems at path /Users/noah/Unity Games/business-racer/Business Racer/Assets
GfxDevice: creating device client; threaded=0
2021-05-27 17:19:19.866 Unity[32064:7785193] Color LCD preferred device: AMD Radeon R9 M370X (high power)
2021-05-27 17:19:19.866 Unity[32064:7785193] Metal devices available: 2
2021-05-27 17:19:19.866 Unity[32064:7785193] 0: AMD Radeon R9 M370X (high power)
2021-05-27 17:19:19.866 Unity[32064:7785193] 1: Intel Iris Pro Graphics (low power)
2021-05-27 17:19:19.869 Unity[32064:7785193] Using device AMD Radeon R9 M370X (high power)
Initializing Metal device caps: AMD Radeon R9 M370X
Initialize mono
Mono path[0] = '/Applications/Unity/Unity.app/Contents/Managed'
Mono path[1] = '/Applications/Unity/Unity.app/Contents/MonoBleedingEdge/lib/mono/unityjit'
Mono config path = '/Applications/Unity/Unity.app/Contents/MonoBleedingEdge/etc'
Using monoOptions --debugger-agent=transport=dt_socket,embedding=1,server=y,suspend=n,address=127.0.0.1:56064
Begin MonoManager ReloadAssembly
Registering precompiled unity dll's ...
Register platform support module: /Applications/Unity/Unity.app/Contents/PlaybackEngines/MacStandaloneSupport/UnityEditor.OSXStandalone.Extensions.dll
Registered in 0.003377 seconds.
Native extension for OSXStandalone target not found
Refreshing native plugins compatible for Editor in 57.86 ms, found 1 plugins.
Preloading 0 native plugins for Editor in 0.00 ms.
Mono: successfully reloaded assembly
- Completed reload, in  3.923 seconds
Platform modules already initialized, skipping
Registering precompiled user dll's ...
Registered in 0.003039 seconds.
Begin MonoManager ReloadAssembly
Native extension for OSXStandalone target not found
Refreshing native plugins compatible for Editor in 0.39 ms, found 1 plugins.
Preloading 0 native plugins for Editor in 0.00 ms.
Mono: successfully reloaded assembly
- Completed reload, in  2.323 seconds
Platform modules already initialized, skipping
========================================================================
Worker process is ready to serve import requests
Launching external process: /Applications/Unity/Unity.app/Contents/Tools/UnityShaderCompiler
Launched and connected shader compiler UnityShaderCompiler after 0.04 seconds
Refreshing native plugins compatible for Editor in 0.33 ms, found 1 plugins.
Preloading 0 native plugins for Editor in 0.00 ms.
Unloading 1119 Unused Serialized files (Serialized files now loaded: 0)
System memory in use before: 107.0 MB.
System memory in use after: 107.1 MB.

Unloading 10 unused Assets to reduce memory usage. Loaded Objects now: 1561.
Total: 3.844880 ms (FindLiveObjects: 0.237818 ms CreateObjectMapping: 0.068376 ms MarkObjects: 3.330798 ms  DeleteObjects: 0.204358 ms)

========================================================================
Received Import Request.
  path: Assets/Simple Vehicle Pack/Models/Materials/No Name.mat
  artifactKey: Guid(64cbce3e9cf6f7e4b889e606242e360c) Importer(815301076,1909f56bfc062723c751e8b465ee728b)
Start importing Assets/Simple Vehicle Pack/Models/Materials/No Name.mat using Guid(64cbce3e9cf6f7e4b889e606242e360c) Importer(815301076,1909f56bfc062723c751e8b465ee728b)  -> (artifact id: '71d1cd4f1555cdcac9ea0661705f3f4f') in 0.751890 seconds
  Import took 0.758453 seconds .

========================================================================
Received Import Request.
  Time since last request: 0.000611 seconds.
  path: Assets/Simple Vehicle Pack/Materials/Bus_1.mat
  artifactKey: Guid(39cfffc7cdb08644ca972fb9d7f6b125) Importer(815301076,1909f56bfc062723c751e8b465ee728b)
Start importing Assets/Simple Vehicle Pack/Materials/Bus_1.mat using Guid(39cfffc7cdb08644ca972fb9d7f6b125) Importer(815301076,1909f56bfc062723c751e8b465ee728b)  -> (artifact id: '78f2e2397629d9dbeb026df4a248c68e') in 0.993864 seconds
  Import took 0.999091 seconds .

========================================================================
Received Import Request.
  Time since last request: 0.000512 seconds.
  path: Assets/Simple Vehicle Pack/Materials/Cars_2.mat
  artifactKey: Guid(aa87e04130195564ba9a4d334968abc1) Importer(815301076,1909f56bfc062723c751e8b465ee728b)
Start importing Assets/Simple Vehicle Pack/Materials/Cars_2.mat using Guid(aa87e04130195564ba9a4d334968abc1) Importer(815301076,1909f56bfc062723c751e8b465ee728b)  -> (artifact id: '24904bf93e9b0d77fffd6d8946d67b9e') in 0.070933 seconds
  Import took 0.077237 seconds .

========================================================================
Received Import Request.
  Time since last request: 0.000365 seconds.
  path: Assets/Simple Vehicle Pack/Materials/Mobile/Bus_2.mat
  artifactKey: Guid(01f8a6cb462b8174a8875f1e4a205d88) Importer(815301076,1909f56bfc062723c751e8b465ee728b)
Start importing Assets/Simple Vehicle Pack/Materials/Mobile/Bus_2.mat using Guid(01f8a6cb462b8174a8875f1e4a205d88) Importer(815301076,1909f56bfc062723c751e8b465ee728b)  -> (artifact id: 'f030befd0157e7ddefe1f76bea7b38f0') in 0.374615 seconds
  Import took 0.378061 seconds .

========================================================================
Received Import Request.
  Time since last request: 0.000329 seconds.
  path: Assets/Simple Vehicle Pack/Materials/Cars_1.mat
  artifactKey: Guid(d1609d52f4f81da40955e6165cb60e78) Importer(815301076,1909f56bfc062723c751e8b465ee728b)
Start importing Assets/Simple Vehicle Pack/Materials/Cars_1.mat using Guid(d1609d52f4f81da40955e6165cb60e78) Importer(815301076,1909f56bfc062723c751e8b465ee728b)  -> (artifact id: '0628a056d8ee0217246aae36b1d0d540') in 0.049999 seconds
  Import took 0.053817 seconds .

========================================================================
Received Import Request.
  Time since last request: 0.000314 seconds.
  path: Assets/Simple Vehicle Pack/Materials/Mobile/Cars_1.mat
  artifactKey: Guid(fb57deec1f6b9d94b8cf6a09e249fc71) Importer(815301076,1909f56bfc062723c751e8b465ee728b)
Start importing Assets/Simple Vehicle Pack/Materials/Mobile/Cars_1.mat using Guid(fb57deec1f6b9d94b8cf6a09e249fc71) Importer(815301076,1909f56bfc062723c751e8b465ee728b)  -> (artifact id: '04be341da3d1590f73dfef337b376a00') in 0.023986 seconds
  Import took 0.027986 seconds .

========================================================================
Received Import Request.
  Time since last request: 0.000350 seconds.
  path: Assets/Simple Vehicle Pack/Materials/Mobile/Bus_1.mat
  artifactKey: Guid(a0b0c1668d6fad443b7e06fe182d9dc3) Importer(815301076,1909f56bfc062723c751e8b465ee728b)
Start importing Assets/Simple Vehicle Pack/Materials/Mobile/Bus_1.mat using Guid(a0b0c1668d6fad443b7e06fe182d9dc3) Importer(815301076,1909f56bfc062723c751e8b465ee728b)  -> (artifact id: 'cf1790503b009692d792ed5524d38d9c') in 0.021706 seconds
  Import took 0.027961 seconds .

========================================================================
Received Import Request.
  Time since last request: 0.000449 seconds.
  path: Assets/Simple Vehicle Pack/Materials/Mobile/Cars_2.mat
  artifactKey: Guid(d1afc0f29c2ef644699e804c1052b999) Importer(815301076,1909f56bfc062723c751e8b465ee728b)
Start importing Assets/Simple Vehicle Pack/Materials/Mobile/Cars_2.mat using Guid(d1afc0f29c2ef644699e804c1052b999) Importer(815301076,1909f56bfc062723c751e8b465ee728b)  -> (artifact id: 'f80c9a34c666ad2a85d3902fa529f6bc') in 0.025348 seconds
  Import took 0.030137 seconds .

========================================================================
Received Import Request.
  Time since last request: 0.000478 seconds.
  path: Assets/Simple Vehicle Pack/Materials/Mobile/Road.mat
  artifactKey: Guid(4acac59ed0a644b4f854d5a6875dd8e3) Importer(815301076,1909f56bfc062723c751e8b465ee728b)
Start importing Assets/Simple Vehicle Pack/Materials/Mobile/Road.mat using Guid(4acac59ed0a644b4f854d5a6875dd8e3) Importer(815301076,1909f56bfc062723c751e8b465ee728b)  -> (artifact id: '24d831b92e83023a6a4702fd6ef12c42') in 0.024532 seconds
  Import took 0.029952 seconds .

========================================================================
Received Import Request.
  Time since last request: 0.000331 seconds.
  path: Assets/Simple Vehicle Pack/Models/Materials/Material #23.mat
  artifactKey: Guid(bdd79651c2f4e1f4ab34b108fd8d866a) Importer(815301076,1909f56bfc062723c751e8b465ee728b)
Start importing Assets/Simple Vehicle Pack/Models/Materials/Material #23.mat using Guid(bdd79651c2f4e1f4ab34b108fd8d866a) Importer(815301076,1909f56bfc062723c751e8b465ee728b)  -> (artifact id: '0797e266925a27fbd2b3218e58e1e9cf') in 0.425276 seconds
  Import took 0.429527 seconds .

========================================================================
Received Import Request.
  Time since last request: 0.000407 seconds.
  path: Assets/Simple Vehicle Pack/Materials/Bus_2.mat
  artifactKey: Guid(73e805105a361df41b7e14313b517476) Importer(815301076,1909f56bfc062723c751e8b465ee728b)
Start importing Assets/Simple Vehicle Pack/Materials/Bus_2.mat using Guid(73e805105a361df41b7e14313b517476) Importer(815301076,1909f56bfc062723c751e8b465ee728b)  -> (artifact id: 'bc73ef07ded2935e936c06b935badb75') in 0.031204 seconds
  Import took 0.036057 seconds .

